2021-12-05 09:58:29 INFO  Log:18 - =====================================loginTest TEST START=========================================
2021-12-05 09:58:29 INFO  Log:29 - user is going to click on SignIn
2021-12-05 09:58:32 INFO  Log:29 - Enter Username and Password
2021-12-05 09:58:34 INFO  Log:29 - Verifying the user
2021-12-05 10:05:51 INFO  Log:18 - =====================================loginTest TEST START=========================================
2021-12-05 10:05:53 INFO  Log:29 - logging in
2021-12-05 10:05:58 INFO  Log:29 - selected product
2021-12-05 10:14:35 INFO  Log:18 - =====================================loginTest TEST START=========================================
2021-12-05 10:14:38 INFO  Log:29 - logging in
2021-12-05 10:14:43 INFO  Log:29 - selected product
2021-12-05 10:14:57 INFO  Log:29 - shippingpage
2021-12-05 10:19:47 INFO  Log:18 - =====================================loginTest TEST START=========================================
2021-12-05 10:19:49 INFO  Log:29 - logging in
2021-12-05 10:19:54 INFO  Log:29 - selected product
2021-12-05 10:20:06 INFO  Log:29 - AddressPage Successful
2021-12-05 10:20:07 INFO  Log:29 - ShippingPage Successful
2021-12-05 10:23:37 INFO  Log:18 - =====================================loginTest TEST START=========================================
2021-12-05 10:23:40 INFO  Log:29 - logging in
2021-12-05 10:23:45 INFO  Log:29 - selected product
2021-12-05 10:23:57 INFO  Log:29 - AddressPage Successful
2021-12-05 10:23:57 INFO  Log:29 - ShippingPage Successful
2021-12-25 09:41:44 INFO  Log:18 - =====================================loginTest TEST START=========================================
2021-12-25 09:41:47 INFO  Log:29 - logging in
2021-12-25 09:41:53 INFO  Log:29 - selected product
2021-12-25 09:42:07 INFO  Log:29 - AddressPage Successful
2021-12-25 09:42:07 INFO  Log:29 - ShippingPage Successful
2021-12-26 10:07:12 INFO  Log:18 - =====================================loginTest TEST START=========================================
2021-12-26 10:07:12 INFO  Log:29 - user is going to click on SignIn
2021-12-26 10:07:14 INFO  Log:29 - Enter Username and Password
2021-12-26 10:07:17 INFO  Log:29 - Verifying the user
2021-12-26 10:07:28 INFO  Log:18 - =====================================loginTest TEST START=========================================
2021-12-26 10:07:28 INFO  Log:29 - user is going to click on SignIn
2021-12-26 10:07:31 INFO  Log:29 - Enter Username and Password
2021-12-26 10:07:33 INFO  Log:29 - Verifying the user
2021-12-26 10:07:44 INFO  Log:18 - =====================================loginTest TEST START=========================================
2021-12-26 10:07:44 INFO  Log:29 - user is going to click on SignIn
2021-12-26 10:07:47 INFO  Log:29 - Enter Username and Password
2021-12-26 10:07:52 INFO  Log:29 - Verifying the user
2021-12-26 10:16:48 INFO  Log:18 - =====================================loginTest TEST START=========================================
2021-12-26 10:16:51 INFO  Log:29 - logging in
2021-12-26 10:16:56 INFO  Log:29 - selected product
2021-12-26 10:17:38 INFO  Log:18 - =====================================loginTest TEST START=========================================
2021-12-26 10:17:41 INFO  Log:29 - logging in
2021-12-26 10:17:45 INFO  Log:29 - selected product
2021-12-26 10:18:00 INFO  Log:29 - AddressPage Successful
2021-12-26 10:18:01 INFO  Log:29 - ShippingPage Successful
2021-12-26 10:18:04 INFO  Log:18 - =====================================loginTest TEST START=========================================
2021-12-26 10:18:06 INFO  Log:29 - logging in
2021-12-26 10:18:11 INFO  Log:29 - selected product
2021-12-26 10:18:25 INFO  Log:29 - AddressPage Successful
2021-12-26 10:18:25 INFO  Log:29 - ShippingPage Successful
2021-12-26 10:18:56 INFO  Log:18 - =====================================loginTest TEST START=========================================
2021-12-26 10:18:56 INFO  Log:18 - =====================================loginTest TEST START=========================================
2021-12-26 10:19:19 INFO  Log:18 - =====================================loginTest TEST START=========================================
2021-12-26 10:19:22 INFO  Log:29 - logging in
2021-12-26 10:19:27 INFO  Log:29 - selected product
2021-12-26 10:19:41 INFO  Log:29 - AddressPage Successful
2021-12-26 10:19:41 INFO  Log:29 - ShippingPage Successful
2021-12-26 10:25:22 INFO  Log:18 - =====================================loginTest TEST START=========================================
2021-12-26 10:25:25 INFO  Log:29 - logging in
2021-12-26 10:25:30 INFO  Log:29 - selected product
2021-12-26 10:25:43 INFO  Log:29 - AddressPage Successful
2021-12-26 10:25:44 INFO  Log:29 - ShippingPage Successful
2021-12-26 12:49:29 INFO  Log:18 - =====================================loginTest TEST START=========================================
2021-12-26 12:49:29 INFO  Log:29 - user is going to click on SignIn
2021-12-26 12:49:31 INFO  Log:29 - Enter Username and Password
2021-12-26 12:49:35 INFO  Log:29 - Verifying the user
2021-12-26 12:49:48 INFO  Log:18 - =====================================loginTest TEST START=========================================
2021-12-26 12:49:48 INFO  Log:29 - user is going to click on SignIn
2021-12-26 12:49:50 INFO  Log:29 - Enter Username and Password
2021-12-26 12:49:55 INFO  Log:29 - Verifying the user
2021-12-26 12:50:07 INFO  Log:18 - =====================================loginTest TEST START=========================================
2021-12-26 12:50:07 INFO  Log:29 - user is going to click on SignIn
2021-12-26 12:50:10 INFO  Log:29 - Enter Username and Password
2021-12-26 12:50:13 INFO  Log:29 - Verifying the user
2021-12-27 11:46:00 INFO  Log:18 - =====================================loginTest TEST START=========================================
2021-12-27 11:46:00 INFO  Log:29 - user is going to click on SignIn
2021-12-27 11:46:12 INFO  Log:29 - Enter Username and Password
2021-12-27 11:46:25 INFO  Log:29 - Verifying the user
2021-12-27 11:46:41 INFO  Log:18 - =====================================loginTest TEST START=========================================
2021-12-27 11:46:41 INFO  Log:29 - user is going to click on SignIn
2021-12-27 11:46:56 INFO  Log:29 - Enter Username and Password
2021-12-27 11:47:10 INFO  Log:29 - Verifying the user
2021-12-27 11:47:28 INFO  Log:18 - =====================================loginTest TEST START=========================================
2021-12-27 11:47:28 INFO  Log:29 - user is going to click on SignIn
2021-12-27 11:47:42 INFO  Log:29 - Enter Username and Password
2021-12-27 11:47:57 INFO  Log:29 - Verifying the user
2021-12-27 11:48:52 INFO  Log:18 - =====================================loginTest TEST START=========================================
2021-12-27 11:49:06 INFO  Log:29 - logging in
2021-12-27 11:49:28 INFO  Log:29 - selected product
2021-12-27 11:50:18 INFO  Log:29 - AddressPage Successful
2021-12-27 11:50:19 INFO  Log:29 - ShippingPage Successful
2021-12-27 11:51:02 DEBUG cache:45 - Couldn't find template in cache for "v3html/v3-html-index.ftl"("en", UTF-8, parsed); will try to load it.
2021-12-27 11:51:02 DEBUG cache:45 - TemplateLoader.findTemplateSource("v3html/v3-html-index_en.ftl"): Not found
2021-12-27 11:51:02 DEBUG cache:45 - TemplateLoader.findTemplateSource("v3html/v3-html-index.ftl"): Found
2021-12-27 11:51:02 DEBUG cache:45 - Loading template for "v3html/v3-html-index.ftl"("en", UTF-8, parsed) from "jar:file:/C:/Users/I322911/Downloads/eclipse-java-2020-03-R-win32-x86_64/eclipse/Users/I322911/.m2/repository/com/aventstack/extentreports/4.0.9/extentreports-4.0.9.jar!/com/aventstack/extentreports/view/v3html/v3-html-index.ftl"
2021-12-27 11:51:02 DEBUG cache:45 - Couldn't find template in cache for "v3html/v3-html-head.ftl"("en", UTF-8, parsed); will try to load it.
2021-12-27 11:51:02 DEBUG cache:45 - TemplateLoader.findTemplateSource("v3html/v3-html-head_en.ftl"): Not found
2021-12-27 11:51:02 DEBUG cache:45 - TemplateLoader.findTemplateSource("v3html/v3-html-head.ftl"): Found
2021-12-27 11:51:02 DEBUG cache:45 - Loading template for "v3html/v3-html-head.ftl"("en", UTF-8, parsed) from "jar:file:/C:/Users/I322911/Downloads/eclipse-java-2020-03-R-win32-x86_64/eclipse/Users/I322911/.m2/repository/com/aventstack/extentreports/4.0.9/extentreports-4.0.9.jar!/com/aventstack/extentreports/view/v3html/v3-html-head.ftl"
2021-12-27 11:51:02 DEBUG cache:45 - Couldn't find template in cache for "v3html/v3-html-nav.ftl"("en", UTF-8, parsed); will try to load it.
2021-12-27 11:51:02 DEBUG cache:45 - TemplateLoader.findTemplateSource("v3html/v3-html-nav_en.ftl"): Not found
2021-12-27 11:51:02 DEBUG cache:45 - TemplateLoader.findTemplateSource("v3html/v3-html-nav.ftl"): Found
2021-12-27 11:51:02 DEBUG cache:45 - Loading template for "v3html/v3-html-nav.ftl"("en", UTF-8, parsed) from "jar:file:/C:/Users/I322911/Downloads/eclipse-java-2020-03-R-win32-x86_64/eclipse/Users/I322911/.m2/repository/com/aventstack/extentreports/4.0.9/extentreports-4.0.9.jar!/com/aventstack/extentreports/view/v3html/v3-html-nav.ftl"
2021-12-27 11:51:02 DEBUG cache:45 - Couldn't find template in cache for "v3html/test-view/v3-html-test-view.ftl"("en", UTF-8, parsed); will try to load it.
2021-12-27 11:51:02 DEBUG cache:45 - TemplateLoader.findTemplateSource("v3html/test-view/v3-html-test-view_en.ftl"): Not found
2021-12-27 11:51:02 DEBUG cache:45 - TemplateLoader.findTemplateSource("v3html/test-view/v3-html-test-view.ftl"): Found
2021-12-27 11:51:02 DEBUG cache:45 - Loading template for "v3html/test-view/v3-html-test-view.ftl"("en", UTF-8, parsed) from "jar:file:/C:/Users/I322911/Downloads/eclipse-java-2020-03-R-win32-x86_64/eclipse/Users/I322911/.m2/repository/com/aventstack/extentreports/4.0.9/extentreports-4.0.9.jar!/com/aventstack/extentreports/view/v3html/test-view/v3-html-test-view.ftl"
2021-12-27 11:51:02 DEBUG cache:45 - Couldn't find template in cache for "v3html/test-view/v3-html-test-view-charts.ftl"("en", UTF-8, parsed); will try to load it.
2021-12-27 11:51:02 DEBUG cache:45 - TemplateLoader.findTemplateSource("v3html/test-view/v3-html-test-view-charts_en.ftl"): Not found
2021-12-27 11:51:02 DEBUG cache:45 - TemplateLoader.findTemplateSource("v3html/test-view/v3-html-test-view-charts.ftl"): Found
2021-12-27 11:51:02 DEBUG cache:45 - Loading template for "v3html/test-view/v3-html-test-view-charts.ftl"("en", UTF-8, parsed) from "jar:file:/C:/Users/I322911/Downloads/eclipse-java-2020-03-R-win32-x86_64/eclipse/Users/I322911/.m2/repository/com/aventstack/extentreports/4.0.9/extentreports-4.0.9.jar!/com/aventstack/extentreports/view/v3html/test-view/v3-html-test-view-charts.ftl"
2021-12-27 11:51:02 DEBUG cache:45 - Couldn't find template in cache for "v3html/test-view/v3-html-standard.ftl"("en", UTF-8, parsed); will try to load it.
2021-12-27 11:51:02 DEBUG cache:45 - TemplateLoader.findTemplateSource("v3html/test-view/v3-html-standard_en.ftl"): Not found
2021-12-27 11:51:02 DEBUG cache:45 - TemplateLoader.findTemplateSource("v3html/test-view/v3-html-standard.ftl"): Found
2021-12-27 11:51:02 DEBUG cache:45 - Loading template for "v3html/test-view/v3-html-standard.ftl"("en", UTF-8, parsed) from "jar:file:/C:/Users/I322911/Downloads/eclipse-java-2020-03-R-win32-x86_64/eclipse/Users/I322911/.m2/repository/com/aventstack/extentreports/4.0.9/extentreports-4.0.9.jar!/com/aventstack/extentreports/view/v3html/test-view/v3-html-standard.ftl"
2021-12-27 11:51:02 DEBUG cache:45 - "v3html/test-view/v3-html-standard.ftl"("en", UTF-8, parsed) cached copy not yet stale; using cached.
2021-12-27 11:51:02 DEBUG cache:45 - "v3html/test-view/v3-html-standard.ftl"("en", UTF-8, parsed) cached copy not yet stale; using cached.
2021-12-27 11:51:02 DEBUG cache:45 - "v3html/test-view/v3-html-standard.ftl"("en", UTF-8, parsed) cached copy not yet stale; using cached.
2021-12-27 11:51:02 DEBUG cache:45 - "v3html/test-view/v3-html-standard.ftl"("en", UTF-8, parsed) cached copy not yet stale; using cached.
2021-12-27 11:51:02 DEBUG cache:45 - "v3html/test-view/v3-html-standard.ftl"("en", UTF-8, parsed) cached copy not yet stale; using cached.
2021-12-27 11:51:02 DEBUG cache:45 - "v3html/test-view/v3-html-standard.ftl"("en", UTF-8, parsed) cached copy not yet stale; using cached.
2021-12-27 11:51:02 DEBUG cache:45 - "v3html/test-view/v3-html-standard.ftl"("en", UTF-8, parsed) cached copy not yet stale; using cached.
2021-12-27 11:51:02 DEBUG cache:45 - "v3html/test-view/v3-html-standard.ftl"("en", UTF-8, parsed) cached copy not yet stale; using cached.
2021-12-27 11:51:02 DEBUG cache:45 - "v3html/test-view/v3-html-standard.ftl"("en", UTF-8, parsed) cached copy not yet stale; using cached.
2021-12-27 11:51:02 DEBUG cache:45 - "v3html/test-view/v3-html-standard.ftl"("en", UTF-8, parsed) cached copy not yet stale; using cached.
2021-12-27 11:51:02 DEBUG cache:45 - "v3html/test-view/v3-html-standard.ftl"("en", UTF-8, parsed) cached copy not yet stale; using cached.
2021-12-27 11:51:02 DEBUG cache:45 - Couldn't find template in cache for "v3html/category-view/v3-html-category-view.ftl"("en", UTF-8, parsed); will try to load it.
2021-12-27 11:51:02 DEBUG cache:45 - TemplateLoader.findTemplateSource("v3html/category-view/v3-html-category-view_en.ftl"): Not found
2021-12-27 11:51:02 DEBUG cache:45 - TemplateLoader.findTemplateSource("v3html/category-view/v3-html-category-view.ftl"): Found
2021-12-27 11:51:02 DEBUG cache:45 - Loading template for "v3html/category-view/v3-html-category-view.ftl"("en", UTF-8, parsed) from "jar:file:/C:/Users/I322911/Downloads/eclipse-java-2020-03-R-win32-x86_64/eclipse/Users/I322911/.m2/repository/com/aventstack/extentreports/4.0.9/extentreports-4.0.9.jar!/com/aventstack/extentreports/view/v3html/category-view/v3-html-category-view.ftl"
2021-12-27 11:51:02 DEBUG cache:45 - Couldn't find template in cache for "v3html/exception-view/v3-html-exception-view.ftl"("en", UTF-8, parsed); will try to load it.
2021-12-27 11:51:02 DEBUG cache:45 - TemplateLoader.findTemplateSource("v3html/exception-view/v3-html-exception-view_en.ftl"): Not found
2021-12-27 11:51:02 DEBUG cache:45 - TemplateLoader.findTemplateSource("v3html/exception-view/v3-html-exception-view.ftl"): Found
2021-12-27 11:51:02 DEBUG cache:45 - Loading template for "v3html/exception-view/v3-html-exception-view.ftl"("en", UTF-8, parsed) from "jar:file:/C:/Users/I322911/Downloads/eclipse-java-2020-03-R-win32-x86_64/eclipse/Users/I322911/.m2/repository/com/aventstack/extentreports/4.0.9/extentreports-4.0.9.jar!/com/aventstack/extentreports/view/v3html/exception-view/v3-html-exception-view.ftl"
2021-12-27 11:51:02 DEBUG cache:45 - Couldn't find template in cache for "v3html/author-view/v3-html-author-view.ftl"("en", UTF-8, parsed); will try to load it.
2021-12-27 11:51:02 DEBUG cache:45 - TemplateLoader.findTemplateSource("v3html/author-view/v3-html-author-view_en.ftl"): Not found
2021-12-27 11:51:02 DEBUG cache:45 - TemplateLoader.findTemplateSource("v3html/author-view/v3-html-author-view.ftl"): Found
2021-12-27 11:51:02 DEBUG cache:45 - Loading template for "v3html/author-view/v3-html-author-view.ftl"("en", UTF-8, parsed) from "jar:file:/C:/Users/I322911/Downloads/eclipse-java-2020-03-R-win32-x86_64/eclipse/Users/I322911/.m2/repository/com/aventstack/extentreports/4.0.9/extentreports-4.0.9.jar!/com/aventstack/extentreports/view/v3html/author-view/v3-html-author-view.ftl"
2021-12-27 11:51:02 DEBUG cache:45 - Couldn't find template in cache for "v3html/dashboard-view/v3-html-dashboard-view.ftl"("en", UTF-8, parsed); will try to load it.
2021-12-27 11:51:02 DEBUG cache:45 - TemplateLoader.findTemplateSource("v3html/dashboard-view/v3-html-dashboard-view_en.ftl"): Not found
2021-12-27 11:51:02 DEBUG cache:45 - TemplateLoader.findTemplateSource("v3html/dashboard-view/v3-html-dashboard-view.ftl"): Found
2021-12-27 11:51:02 DEBUG cache:45 - Loading template for "v3html/dashboard-view/v3-html-dashboard-view.ftl"("en", UTF-8, parsed) from "jar:file:/C:/Users/I322911/Downloads/eclipse-java-2020-03-R-win32-x86_64/eclipse/Users/I322911/.m2/repository/com/aventstack/extentreports/4.0.9/extentreports-4.0.9.jar!/com/aventstack/extentreports/view/v3html/dashboard-view/v3-html-dashboard-view.ftl"
2021-12-27 11:51:02 DEBUG cache:45 - Couldn't find template in cache for "v3html/logs-view/v3-html-testrunner-logs-view.ftl"("en", UTF-8, parsed); will try to load it.
2021-12-27 11:51:02 DEBUG cache:45 - TemplateLoader.findTemplateSource("v3html/logs-view/v3-html-testrunner-logs-view_en.ftl"): Not found
2021-12-27 11:51:02 DEBUG cache:45 - TemplateLoader.findTemplateSource("v3html/logs-view/v3-html-testrunner-logs-view.ftl"): Found
2021-12-27 11:51:02 DEBUG cache:45 - Loading template for "v3html/logs-view/v3-html-testrunner-logs-view.ftl"("en", UTF-8, parsed) from "jar:file:/C:/Users/I322911/Downloads/eclipse-java-2020-03-R-win32-x86_64/eclipse/Users/I322911/.m2/repository/com/aventstack/extentreports/4.0.9/extentreports-4.0.9.jar!/com/aventstack/extentreports/view/v3html/logs-view/v3-html-testrunner-logs-view.ftl"
2021-12-28 23:05:56 INFO  Log:18 - =====================================loginTest TEST START=========================================
2021-12-28 23:05:56 INFO  Log:29 - user is going to click on SignIn
2021-12-28 23:05:59 INFO  Log:29 - Enter Username and Password
2021-12-28 23:06:02 INFO  Log:29 - Verifying the user
2021-12-28 23:06:14 INFO  Log:18 - =====================================loginTest TEST START=========================================
2021-12-28 23:06:14 INFO  Log:29 - user is going to click on SignIn
2021-12-28 23:06:17 INFO  Log:29 - Enter Username and Password
2021-12-28 23:06:21 INFO  Log:29 - Verifying the user
2021-12-28 23:06:33 INFO  Log:18 - =====================================loginTest TEST START=========================================
2021-12-28 23:06:33 INFO  Log:29 - user is going to click on SignIn
2021-12-28 23:06:36 INFO  Log:29 - Enter Username and Password
2021-12-28 23:06:39 INFO  Log:29 - Verifying the user
2021-12-28 23:07:16 INFO  Log:18 - =====================================loginTest TEST START=========================================
2021-12-28 23:07:19 INFO  Log:29 - logging in
2021-12-28 23:07:25 INFO  Log:29 - selected product
2021-12-28 23:07:42 INFO  Log:29 - AddressPage Successful
2021-12-28 23:07:42 INFO  Log:29 - ShippingPage Successful
2021-12-28 23:08:26 DEBUG cache:45 - Couldn't find template in cache for "v3html/v3-html-index.ftl"("en", UTF-8, parsed); will try to load it.
2021-12-28 23:08:26 DEBUG cache:45 - TemplateLoader.findTemplateSource("v3html/v3-html-index_en.ftl"): Not found
2021-12-28 23:08:26 DEBUG cache:45 - TemplateLoader.findTemplateSource("v3html/v3-html-index.ftl"): Found
2021-12-28 23:08:26 DEBUG cache:45 - Loading template for "v3html/v3-html-index.ftl"("en", UTF-8, parsed) from "jar:file:/C:/Users/I322911/git/mystore_project/Mystoreproject/Users/I322911/.m2/repository/com/aventstack/extentreports/4.0.9/extentreports-4.0.9.jar!/com/aventstack/extentreports/view/v3html/v3-html-index.ftl"
2021-12-28 23:08:26 DEBUG cache:45 - Couldn't find template in cache for "v3html/v3-html-head.ftl"("en", UTF-8, parsed); will try to load it.
2021-12-28 23:08:26 DEBUG cache:45 - TemplateLoader.findTemplateSource("v3html/v3-html-head_en.ftl"): Not found
2021-12-28 23:08:26 DEBUG cache:45 - TemplateLoader.findTemplateSource("v3html/v3-html-head.ftl"): Found
2021-12-28 23:08:26 DEBUG cache:45 - Loading template for "v3html/v3-html-head.ftl"("en", UTF-8, parsed) from "jar:file:/C:/Users/I322911/git/mystore_project/Mystoreproject/Users/I322911/.m2/repository/com/aventstack/extentreports/4.0.9/extentreports-4.0.9.jar!/com/aventstack/extentreports/view/v3html/v3-html-head.ftl"
2021-12-28 23:08:26 DEBUG cache:45 - Couldn't find template in cache for "v3html/v3-html-nav.ftl"("en", UTF-8, parsed); will try to load it.
2021-12-28 23:08:26 DEBUG cache:45 - TemplateLoader.findTemplateSource("v3html/v3-html-nav_en.ftl"): Not found
2021-12-28 23:08:26 DEBUG cache:45 - TemplateLoader.findTemplateSource("v3html/v3-html-nav.ftl"): Found
2021-12-28 23:08:26 DEBUG cache:45 - Loading template for "v3html/v3-html-nav.ftl"("en", UTF-8, parsed) from "jar:file:/C:/Users/I322911/git/mystore_project/Mystoreproject/Users/I322911/.m2/repository/com/aventstack/extentreports/4.0.9/extentreports-4.0.9.jar!/com/aventstack/extentreports/view/v3html/v3-html-nav.ftl"
2021-12-28 23:08:26 DEBUG cache:45 - Couldn't find template in cache for "v3html/test-view/v3-html-test-view.ftl"("en", UTF-8, parsed); will try to load it.
2021-12-28 23:08:26 DEBUG cache:45 - TemplateLoader.findTemplateSource("v3html/test-view/v3-html-test-view_en.ftl"): Not found
2021-12-28 23:08:26 DEBUG cache:45 - TemplateLoader.findTemplateSource("v3html/test-view/v3-html-test-view.ftl"): Found
2021-12-28 23:08:26 DEBUG cache:45 - Loading template for "v3html/test-view/v3-html-test-view.ftl"("en", UTF-8, parsed) from "jar:file:/C:/Users/I322911/git/mystore_project/Mystoreproject/Users/I322911/.m2/repository/com/aventstack/extentreports/4.0.9/extentreports-4.0.9.jar!/com/aventstack/extentreports/view/v3html/test-view/v3-html-test-view.ftl"
2021-12-28 23:08:26 DEBUG cache:45 - Couldn't find template in cache for "v3html/test-view/v3-html-test-view-charts.ftl"("en", UTF-8, parsed); will try to load it.
2021-12-28 23:08:26 DEBUG cache:45 - TemplateLoader.findTemplateSource("v3html/test-view/v3-html-test-view-charts_en.ftl"): Not found
2021-12-28 23:08:26 DEBUG cache:45 - TemplateLoader.findTemplateSource("v3html/test-view/v3-html-test-view-charts.ftl"): Found
2021-12-28 23:08:26 DEBUG cache:45 - Loading template for "v3html/test-view/v3-html-test-view-charts.ftl"("en", UTF-8, parsed) from "jar:file:/C:/Users/I322911/git/mystore_project/Mystoreproject/Users/I322911/.m2/repository/com/aventstack/extentreports/4.0.9/extentreports-4.0.9.jar!/com/aventstack/extentreports/view/v3html/test-view/v3-html-test-view-charts.ftl"
2021-12-28 23:08:26 DEBUG cache:45 - Couldn't find template in cache for "v3html/test-view/v3-html-standard.ftl"("en", UTF-8, parsed); will try to load it.
2021-12-28 23:08:26 DEBUG cache:45 - TemplateLoader.findTemplateSource("v3html/test-view/v3-html-standard_en.ftl"): Not found
2021-12-28 23:08:26 DEBUG cache:45 - TemplateLoader.findTemplateSource("v3html/test-view/v3-html-standard.ftl"): Found
2021-12-28 23:08:26 DEBUG cache:45 - Loading template for "v3html/test-view/v3-html-standard.ftl"("en", UTF-8, parsed) from "jar:file:/C:/Users/I322911/git/mystore_project/Mystoreproject/Users/I322911/.m2/repository/com/aventstack/extentreports/4.0.9/extentreports-4.0.9.jar!/com/aventstack/extentreports/view/v3html/test-view/v3-html-standard.ftl"
2021-12-28 23:08:26 DEBUG cache:45 - "v3html/test-view/v3-html-standard.ftl"("en", UTF-8, parsed) cached copy not yet stale; using cached.
2021-12-28 23:08:26 DEBUG cache:45 - "v3html/test-view/v3-html-standard.ftl"("en", UTF-8, parsed) cached copy not yet stale; using cached.
2021-12-28 23:08:26 DEBUG cache:45 - "v3html/test-view/v3-html-standard.ftl"("en", UTF-8, parsed) cached copy not yet stale; using cached.
2021-12-28 23:08:26 DEBUG cache:45 - "v3html/test-view/v3-html-standard.ftl"("en", UTF-8, parsed) cached copy not yet stale; using cached.
2021-12-28 23:08:26 DEBUG cache:45 - "v3html/test-view/v3-html-standard.ftl"("en", UTF-8, parsed) cached copy not yet stale; using cached.
2021-12-28 23:08:26 DEBUG cache:45 - "v3html/test-view/v3-html-standard.ftl"("en", UTF-8, parsed) cached copy not yet stale; using cached.
2021-12-28 23:08:26 DEBUG cache:45 - "v3html/test-view/v3-html-standard.ftl"("en", UTF-8, parsed) cached copy not yet stale; using cached.
2021-12-28 23:08:26 DEBUG cache:45 - "v3html/test-view/v3-html-standard.ftl"("en", UTF-8, parsed) cached copy not yet stale; using cached.
2021-12-28 23:08:26 DEBUG cache:45 - "v3html/test-view/v3-html-standard.ftl"("en", UTF-8, parsed) cached copy not yet stale; using cached.
2021-12-28 23:08:26 DEBUG cache:45 - "v3html/test-view/v3-html-standard.ftl"("en", UTF-8, parsed) cached copy not yet stale; using cached.
2021-12-28 23:08:26 DEBUG cache:45 - "v3html/test-view/v3-html-standard.ftl"("en", UTF-8, parsed) cached copy not yet stale; using cached.
2021-12-28 23:08:26 DEBUG cache:45 - Couldn't find template in cache for "v3html/category-view/v3-html-category-view.ftl"("en", UTF-8, parsed); will try to load it.
2021-12-28 23:08:26 DEBUG cache:45 - TemplateLoader.findTemplateSource("v3html/category-view/v3-html-category-view_en.ftl"): Not found
2021-12-28 23:08:26 DEBUG cache:45 - TemplateLoader.findTemplateSource("v3html/category-view/v3-html-category-view.ftl"): Found
2021-12-28 23:08:26 DEBUG cache:45 - Loading template for "v3html/category-view/v3-html-category-view.ftl"("en", UTF-8, parsed) from "jar:file:/C:/Users/I322911/git/mystore_project/Mystoreproject/Users/I322911/.m2/repository/com/aventstack/extentreports/4.0.9/extentreports-4.0.9.jar!/com/aventstack/extentreports/view/v3html/category-view/v3-html-category-view.ftl"
2021-12-28 23:08:26 DEBUG cache:45 - Couldn't find template in cache for "v3html/exception-view/v3-html-exception-view.ftl"("en", UTF-8, parsed); will try to load it.
2021-12-28 23:08:26 DEBUG cache:45 - TemplateLoader.findTemplateSource("v3html/exception-view/v3-html-exception-view_en.ftl"): Not found
2021-12-28 23:08:26 DEBUG cache:45 - TemplateLoader.findTemplateSource("v3html/exception-view/v3-html-exception-view.ftl"): Found
2021-12-28 23:08:26 DEBUG cache:45 - Loading template for "v3html/exception-view/v3-html-exception-view.ftl"("en", UTF-8, parsed) from "jar:file:/C:/Users/I322911/git/mystore_project/Mystoreproject/Users/I322911/.m2/repository/com/aventstack/extentreports/4.0.9/extentreports-4.0.9.jar!/com/aventstack/extentreports/view/v3html/exception-view/v3-html-exception-view.ftl"
2021-12-28 23:08:26 DEBUG cache:45 - Couldn't find template in cache for "v3html/author-view/v3-html-author-view.ftl"("en", UTF-8, parsed); will try to load it.
2021-12-28 23:08:26 DEBUG cache:45 - TemplateLoader.findTemplateSource("v3html/author-view/v3-html-author-view_en.ftl"): Not found
2021-12-28 23:08:26 DEBUG cache:45 - TemplateLoader.findTemplateSource("v3html/author-view/v3-html-author-view.ftl"): Found
2021-12-28 23:08:26 DEBUG cache:45 - Loading template for "v3html/author-view/v3-html-author-view.ftl"("en", UTF-8, parsed) from "jar:file:/C:/Users/I322911/git/mystore_project/Mystoreproject/Users/I322911/.m2/repository/com/aventstack/extentreports/4.0.9/extentreports-4.0.9.jar!/com/aventstack/extentreports/view/v3html/author-view/v3-html-author-view.ftl"
2021-12-28 23:08:26 DEBUG cache:45 - Couldn't find template in cache for "v3html/dashboard-view/v3-html-dashboard-view.ftl"("en", UTF-8, parsed); will try to load it.
2021-12-28 23:08:26 DEBUG cache:45 - TemplateLoader.findTemplateSource("v3html/dashboard-view/v3-html-dashboard-view_en.ftl"): Not found
2021-12-28 23:08:26 DEBUG cache:45 - TemplateLoader.findTemplateSource("v3html/dashboard-view/v3-html-dashboard-view.ftl"): Found
2021-12-28 23:08:26 DEBUG cache:45 - Loading template for "v3html/dashboard-view/v3-html-dashboard-view.ftl"("en", UTF-8, parsed) from "jar:file:/C:/Users/I322911/git/mystore_project/Mystoreproject/Users/I322911/.m2/repository/com/aventstack/extentreports/4.0.9/extentreports-4.0.9.jar!/com/aventstack/extentreports/view/v3html/dashboard-view/v3-html-dashboard-view.ftl"
2021-12-28 23:08:26 DEBUG cache:45 - Couldn't find template in cache for "v3html/logs-view/v3-html-testrunner-logs-view.ftl"("en", UTF-8, parsed); will try to load it.
2021-12-28 23:08:26 DEBUG cache:45 - TemplateLoader.findTemplateSource("v3html/logs-view/v3-html-testrunner-logs-view_en.ftl"): Not found
2021-12-28 23:08:26 DEBUG cache:45 - TemplateLoader.findTemplateSource("v3html/logs-view/v3-html-testrunner-logs-view.ftl"): Found
2021-12-28 23:08:26 DEBUG cache:45 - Loading template for "v3html/logs-view/v3-html-testrunner-logs-view.ftl"("en", UTF-8, parsed) from "jar:file:/C:/Users/I322911/git/mystore_project/Mystoreproject/Users/I322911/.m2/repository/com/aventstack/extentreports/4.0.9/extentreports-4.0.9.jar!/com/aventstack/extentreports/view/v3html/logs-view/v3-html-testrunner-logs-view.ftl"
